#
# There is insufficient memory for the Java Runtime Environment to continue.
# Native memory allocation (malloc) failed to allocate 1048576 bytes for AllocateHeap
# Possible reasons:
#   The system is out of physical RAM or swap space
#   The process is running with CompressedOops enabled, and the Java Heap may be blocking the growth of the native heap
# Possible solutions:
#   Reduce memory load on the system
#   Increase physical memory or swap space
#   Check if swap backing store is full
#   Decrease Java heap size (-Xmx/-Xms)
#   Decrease number of Java threads
#   Decrease Java thread stack sizes (-Xss)
#   Set larger code cache with -XX:ReservedCodeCacheSize=
#   JVM is running with Unscaled Compressed Oops mode in which the Java heap is
#     placed in the first 4GB address space. The Java Heap base address is the
#     maximum limit for the native heap growth. Please use -XX:HeapBaseMinAddress
#     to set the Java Heap base and to place the Java Heap above 4GB virtual address.
# This output file may be truncated or incomplete.
#
#  Out of Memory Error (allocation.cpp:44), pid=14224, tid=7068
#
# JRE version:  (21.0.4+8) (build )
# Java VM: Java HotSpot(TM) 64-Bit Server VM (21.0.4+8-LTS-274, mixed mode, sharing, tiered, compressed oops, compressed class ptrs, g1 gc, windows-amd64)
# No core dump will be written. Minidumps are not enabled by default on client versions of Windows
#

---------------  S U M M A R Y ------------

Command Line: C:\Users\samue\Downloads\insights.jar 1234

Host: 12th Gen Intel(R) Core(TM) i5-1235U, 12 cores, 7G,  Windows 11 , 64 bit Build 22621 (10.0.22621.4391)
Time: Thu Nov 14 00:00:56 2024 Hora oficial do Brasil elapsed time: 0.037795 seconds (0d 0h 0m 0s)

---------------  T H R E A D  ---------------

Current thread (0x000001ccefb2e2e0):  JavaThread "Unknown thread" [_thread_in_vm, id=7068, stack(0x00000033b0900000,0x00000033b0a00000) (1024K)]

Stack: [0x00000033b0900000,0x00000033b0a00000]
Native frames: (J=compiled Java code, j=interpreted, Vv=VM code, C=native code)
V  [jvm.dll+0x6c8e59]
V  [jvm.dll+0x853181]
V  [jvm.dll+0x8556ae]
V  [jvm.dll+0x855d83]
V  [jvm.dll+0x27d526]
V  [jvm.dll+0xbf657]
V  [jvm.dll+0x324c55]
V  [jvm.dll+0x81c52d]
V  [jvm.dll+0x3b9a11]
V  [jvm.dll+0x805948]
V  [jvm.dll+0x44ec5e]
V  [jvm.dll+0x450851]
C  [jli.dll+0x52a3]
C  [ucrtbase.dll+0x29333]
C  [KERNEL32.DLL+0x1259d]
C  [ntdll.dll+0x5af38]


---------------  P R O C E S S  ---------------

Threads class SMR info:
_java_thread_list=0x00007ff8f9cb6c08, length=0, elements={
}

Java Threads: ( => current thread )
Total: 0

Other Threads:

=>0x000001ccefb2e2e0 (exited) JavaThread "Unknown thread"    [_thread_in_vm, id=7068, stack(0x00000033b0900000,0x00000033b0a00000) (1024K)]
Total: 1

Threads with active compile tasks:
Total: 0

VM state: not at safepoint (not fully initialized)

VM Mutex/Monitor currently owned by a thread: None

Heap address: 0x0000000000000000, size: 0 MB, Compressed Oops mode: 32-bit

CDS archive(s) mapped at: [0x0000000000000000-0x0000000000000000-0x0000000000000000), size 0, SharedBaseAddress: 0x0000000800000000, ArchiveRelocationMode: 1.
Narrow klass base: 0x0000000000000000, Narrow klass shift: 0, Narrow klass range: 0x0

GC Precious Log:
 CardTable entry size: 512
 Card Set container configuration: InlinePtr #cards 5 size 8 Array Of Cards #cards 12 size 40 Howl #buckets 4 coarsen threshold 1843 Howl Bitmap #cards 512 size 80 coarsen threshold 460 Card regions per heap region 1 cards per card region 2048

GC Heap History (0 events):
No events

Dll operation events (1 events):
Event: 0.028 Loaded shared library C:\Program Files\Java\jdk-21\bin\java.dll

Deoptimization events (0 events):
No events

Classes loaded (0 events):
No events

Classes unloaded (0 events):
No events

Classes redefined (0 events):
No events

Internal exceptions (0 events):
No events

ZGC Phase Switch (0 events):
No events

VM Operations (0 events):
No events

Events (0 events):
No events


Dynamic libraries:
0x00007ff744f20000 - 0x00007ff744f30000 	C:\Program Files\Java\jdk-21\bin\java.exe
0x00007ff993e70000 - 0x00007ff994087000 	C:\WINDOWS\SYSTEM32\ntdll.dll
0x00007ff992450000 - 0x00007ff992514000 	C:\WINDOWS\System32\KERNEL32.DLL
0x00007ff9911e0000 - 0x00007ff991599000 	C:\WINDOWS\System32\KERNELBASE.dll
0x00007ff991690000 - 0x00007ff9917a1000 	C:\WINDOWS\System32\ucrtbase.dll
0x00007ff96d810000 - 0x00007ff96d82b000 	C:\Program Files\Java\jdk-21\bin\VCRUNTIME140.dll
0x00007ff96d830000 - 0x00007ff96d849000 	C:\Program Files\Java\jdk-21\bin\jli.dll
0x00007ff991f60000 - 0x00007ff992012000 	C:\WINDOWS\System32\ADVAPI32.dll
0x00007ff9933a0000 - 0x00007ff993447000 	C:\WINDOWS\System32\msvcrt.dll
0x00007ff993d80000 - 0x00007ff993e27000 	C:\WINDOWS\System32\sechost.dll
0x00007ff991660000 - 0x00007ff991688000 	C:\WINDOWS\System32\bcrypt.dll
0x00007ff993460000 - 0x00007ff993574000 	C:\WINDOWS\System32\RPCRT4.dll
0x00007ff991b90000 - 0x00007ff991d3e000 	C:\WINDOWS\System32\USER32.dll
0x00007ff973040000 - 0x00007ff9732d2000 	C:\WINDOWS\WinSxS\amd64_microsoft.windows.common-controls_6595b64144ccf1df_6.0.22621.4391_none_2715d37f73803e96\COMCTL32.dll
0x00007ff9923c0000 - 0x00007ff9923e9000 	C:\WINDOWS\System32\GDI32.dll
0x00007ff9918d0000 - 0x00007ff9918f6000 	C:\WINDOWS\System32\win32u.dll
0x00007ff991a70000 - 0x00007ff991b8b000 	C:\WINDOWS\System32\gdi32full.dll
0x00007ff991830000 - 0x00007ff9918ca000 	C:\WINDOWS\System32\msvcp_win.dll
0x00007ff983de0000 - 0x00007ff983dea000 	C:\WINDOWS\SYSTEM32\VERSION.dll
0x00007ff993d40000 - 0x00007ff993d71000 	C:\WINDOWS\System32\IMM32.DLL
0x00007ff96d7b0000 - 0x00007ff96d7bc000 	C:\Program Files\Java\jdk-21\bin\vcruntime140_1.dll
0x00007ff96c350000 - 0x00007ff96c3de000 	C:\Program Files\Java\jdk-21\bin\msvcp140.dll
0x00007ff8f90f0000 - 0x00007ff8f9e03000 	C:\Program Files\Java\jdk-21\bin\server\jvm.dll
0x00007ff992020000 - 0x00007ff992091000 	C:\WINDOWS\System32\WS2_32.dll
0x00007ff990be0000 - 0x00007ff990c2d000 	C:\WINDOWS\SYSTEM32\POWRPROF.dll
0x00007ff986f10000 - 0x00007ff986f44000 	C:\WINDOWS\SYSTEM32\WINMM.dll
0x00007ff990aa0000 - 0x00007ff990ab3000 	C:\WINDOWS\SYSTEM32\UMPDC.dll
0x00007ff990180000 - 0x00007ff990198000 	C:\WINDOWS\SYSTEM32\kernel.appcore.dll
0x00007ff96d7a0000 - 0x00007ff96d7aa000 	C:\Program Files\Java\jdk-21\bin\jimage.dll
0x00007ff98ea40000 - 0x00007ff98ec72000 	C:\WINDOWS\SYSTEM32\DBGHELP.DLL
0x00007ff992680000 - 0x00007ff992a0f000 	C:\WINDOWS\System32\combase.dll
0x00007ff991e80000 - 0x00007ff991f57000 	C:\WINDOWS\System32\OLEAUT32.dll
0x00007ff983410000 - 0x00007ff983442000 	C:\WINDOWS\SYSTEM32\dbgcore.DLL
0x00007ff9917b0000 - 0x00007ff99182b000 	C:\WINDOWS\System32\bcryptPrimitives.dll
0x00007ff96c330000 - 0x00007ff96c34f000 	C:\Program Files\Java\jdk-21\bin\java.dll

dbghelp: loaded successfully - version: 4.0.5 - missing functions: none
symbol engine: initialized successfully - sym options: 0x614 - pdb path: .;C:\Program Files\Java\jdk-21\bin;C:\WINDOWS\SYSTEM32;C:\WINDOWS\WinSxS\amd64_microsoft.windows.common-controls_6595b64144ccf1df_6.0.22621.4391_none_2715d37f73803e96;C:\Program Files\Java\jdk-21\bin\server

VM Arguments:
java_command: C:\Users\samue\Downloads\insights.jar 1234
java_class_path (initial): C:\Users\samue\Downloads\insights.jar
Launcher Type: SUN_STANDARD

[Global flags]
     intx CICompilerCount                          = 4                                         {product} {ergonomic}
     uint ConcGCThreads                            = 3                                         {product} {ergonomic}
     uint G1ConcRefinementThreads                  = 10                                        {product} {ergonomic}
   size_t G1HeapRegionSize                         = 1048576                                   {product} {ergonomic}
    uintx GCDrainStackTargetSize                   = 64                                        {product} {ergonomic}
   size_t InitialHeapSize                          = 130023424                                 {product} {ergonomic}
   size_t MarkStackSize                            = 4194304                                   {product} {ergonomic}
   size_t MaxHeapSize                              = 2069889024                                {product} {ergonomic}
   size_t MinHeapDeltaBytes                        = 1048576                                   {product} {ergonomic}
   size_t MinHeapSize                              = 8388608                                   {product} {ergonomic}
    uintx NonNMethodCodeHeapSize                   = 5839372                                {pd product} {ergonomic}
    uintx NonProfiledCodeHeapSize                  = 122909434                              {pd product} {ergonomic}
    uintx ProfiledCodeHeapSize                     = 122909434                              {pd product} {ergonomic}
    uintx ReservedCodeCacheSize                    = 251658240                              {pd product} {ergonomic}
     bool SegmentedCodeCache                       = true                                      {product} {ergonomic}
   size_t SoftMaxHeapSize                          = 2069889024                             {manageable} {ergonomic}
     bool UseCompressedOops                        = true                           {product lp64_product} {ergonomic}
     bool UseG1GC                                  = true                                      {product} {ergonomic}
     bool UseLargePagesIndividualAllocation        = false                                  {pd product} {ergonomic}

Logging:
Log output configuration:
 #0: stdout all=warning uptime,level,tags foldmultilines=false
 #1: stderr all=off uptime,level,tags foldmultilines=false

Environment Variables:
JAVA_HOME=C:\Program Files\Java\jdk-21
PATH=C:\Users\samue\Desktop\SPTech-GitHub\NodeApplication\node_modules\.bin;C:\Users\samue\Desktop\SPTech-GitHub\node_modules\.bin;C:\Users\samue\Desktop\node_modules\.bin;C:\Users\samue\node_modules\.bin;C:\Users\node_modules\.bin;C:\node_modules\.bin;C:\Program Files\nodejs\node_modules\npm\node_modules\@npmcli\run-script\lib\node-gyp-bin;C:\Program Files\PowerShell\7;C:\Program Files\Common Files\Oracle\Java\javapath;C:\WINDOWS\system32;C:\WINDOWS;C:\WINDOWS\System32\Wbem;C:\WINDOWS\System32\WindowsPowerShell\v1.0\;C:\WINDOWS\System32\OpenSSH\;C:\Program Files\nodejs\;C:\Program Files\Java\jdk-21\bin;C:\Program Files\Maven\apache-maven-3.9.8\bin;C:\Program Files\Git\cmd;C:\Program Files\Docker\Docker\resources\bin;C:\Program Files\Microsoft SQL Server\150\Tools\Binn\;C:\Program Files\Microsoft SQL Server\Client SDK\ODBC\170\Tools\Binn\;C:\Program Files\dotnet\;C:\Program Files\PowerShell\7\;C:\Users\samue\AppData\Local\Microsoft\WindowsApps;C:\Users\samue\AppData\Local\Programs\Microsoft VS Code\bin;C:\Users\samue\AppData\Roaming\npm;C:\Users\samue\.dotnet\tools;C:\Users\samue\AppData\Local\JetBrains\Toolbox\scripts;
USERNAME=samue
LANG=en_US.UTF-8
OS=Windows_NT
PROCESSOR_IDENTIFIER=Intel64 Family 6 Model 154 Stepping 4, GenuineIntel
TMP=C:\Users\samue\AppData\Local\Temp
TEMP=C:\Users\samue\AppData\Local\Temp




Periodic native trim disabled

---------------  S Y S T E M  ---------------

OS:
 Windows 11 , 64 bit Build 22621 (10.0.22621.4391)
OS uptime: 0 days 0:44 hours
Hyper-V role detected

CPU: total 12 (initial active 12) (6 cores per cpu, 2 threads per core) family 6 model 154 stepping 4 microcode 0x423, cx8, cmov, fxsr, ht, mmx, 3dnowpref, sse, sse2, sse3, ssse3, sse4.1, sse4.2, popcnt, lzcnt, tsc, tscinvbit, avx, avx2, aes, erms, clmul, bmi1, bmi2, adx, sha, fma, vzeroupper, clflush, clflushopt, clwb, hv, serialize, rdtscp, rdpid, fsrm, f16c, cet_ibt, cet_ss
Processor Information for processor 0
  Max Mhz: 1300, Current Mhz: 1300, Mhz Limit: 1300
Processor Information for processor 1
  Max Mhz: 1300, Current Mhz: 1300, Mhz Limit: 1300
Processor Information for processor 2
  Max Mhz: 1300, Current Mhz: 1300, Mhz Limit: 1300
Processor Information for processor 3
  Max Mhz: 1300, Current Mhz: 1300, Mhz Limit: 1300
Processor Information for processor 4
  Max Mhz: 1300, Current Mhz: 900, Mhz Limit: 897
Processor Information for processor 5
  Max Mhz: 1300, Current Mhz: 900, Mhz Limit: 897
Processor Information for processor 6
  Max Mhz: 1300, Current Mhz: 900, Mhz Limit: 897
Processor Information for processor 7
  Max Mhz: 1300, Current Mhz: 900, Mhz Limit: 897
Processor Information for processor 8
  Max Mhz: 1300, Current Mhz: 900, Mhz Limit: 897
Processor Information for processor 9
  Max Mhz: 1300, Current Mhz: 900, Mhz Limit: 897
Processor Information for processor 10
  Max Mhz: 1300, Current Mhz: 900, Mhz Limit: 897
Processor Information for processor 11
  Max Mhz: 1300, Current Mhz: 900, Mhz Limit: 897

Memory: 4k page, system-wide physical 7893M (6M free)
TotalPageFile size 32469M (AvailPageFile size 5M)
current process WorkingSet (physical memory assigned to process): 10M, peak: 10M
current process commit charge ("private bytes"): 17M, peak: 18M

vm_info: Java HotSpot(TM) 64-Bit Server VM (21.0.4+8-LTS-274) for windows-amd64 JRE (21.0.4+8-LTS-274), built on 2024-06-05T05:23:33Z by "mach5one" with MS VC++ 17.6 (VS2022)

END.
